Using pre-set license
Built from '2020.3/staging' branch; Version is '2020.3.26f1 (7298b473bc1a) revision 7510196'; Using compiler version '192528614'; Build Type 'Release'
OS: 'Windows 11  (10.0.22000) 64bit Professional' Language: 'tr' Physical Memory: 14188 MB
BatchMode: 1, IsHumanControllingUs: 0, StartBugReporterOnCrash: 0, Is64bit: 1, IsPro: 0

COMMAND LINE ARGUMENTS:
C:\Program Files\Unity\Hub\Editor\2020.3.26f1\Editor\Unity.exe
-adb2
-batchMode
-noUpm
-name
AssetImportWorker0
-projectPath
C:/Users/Umut/Documents/GitHub/Hero-Squad--/Hero Squad !
-logFile
Logs/AssetImportWorker0.log
-srvPort
62199
Successfully changed project path to: C:/Users/Umut/Documents/GitHub/Hero-Squad--/Hero Squad !
C:/Users/Umut/Documents/GitHub/Hero-Squad--/Hero Squad !
Using Asset Import Pipeline V2.
Refreshing native plugins compatible for Editor in 32.52 ms, found 5 plugins.
Preloading 0 native plugins for Editor in 0.00 ms.
Initialize engine version: 2020.3.26f1 (7298b473bc1a)
[Subsystems] Discovering subsystems at path C:/Program Files/Unity/Hub/Editor/2020.3.26f1/Editor/Data/Resources/UnitySubsystems
[Subsystems] Discovering subsystems at path C:/Users/Umut/Documents/GitHub/Hero-Squad--/Hero Squad !/Assets
GfxDevice: creating device client; threaded=0
Direct3D:
    Version:  Direct3D 11.0 [level 11.1]
    Renderer: NVIDIA GeForce RTX 3060 Laptop GPU (ID=0x2520)
    Vendor:   
    VRAM:     6025 MB
    Driver:   31.0.15.1659
Initialize mono
Mono path[0] = 'C:/Program Files/Unity/Hub/Editor/2020.3.26f1/Editor/Data/Managed'
Mono path[1] = 'C:/Program Files/Unity/Hub/Editor/2020.3.26f1/Editor/Data/MonoBleedingEdge/lib/mono/unityjit'
Mono config path = 'C:/Program Files/Unity/Hub/Editor/2020.3.26f1/Editor/Data/MonoBleedingEdge/etc'
Using monoOptions --debugger-agent=transport=dt_socket,embedding=1,server=y,suspend=n,address=127.0.0.1:56544
Begin MonoManager ReloadAssembly
Registering precompiled unity dll's ...
Register platform support module: C:/Program Files/Unity/Hub/Editor/2020.3.26f1/Editor/Data/PlaybackEngines/WindowsStandaloneSupport/UnityEditor.WindowsStandalone.Extensions.dll
Registered in 0.000996 seconds.
Native extension for WindowsStandalone target not found
Refreshing native plugins compatible for Editor in 30.03 ms, found 5 plugins.
Preloading 0 native plugins for Editor in 0.00 ms.
Mono: successfully reloaded assembly
- Completed reload, in  0.418 seconds
Domain Reload Profiling:
	ReloadAssembly (418ms)
		BeginReloadAssembly (37ms)
			ExecutionOrderSort (0ms)
			DisableScriptedObjects (0ms)
			BackupInstance (0ms)
			ReleaseScriptingObjects (0ms)
			CreateAndSetChildDomain (1ms)
		EndReloadAssembly (329ms)
			LoadAssemblies (36ms)
			RebuildTransferFunctionScriptingTraits (0ms)
			SetupTypeCache (102ms)
			ReleaseScriptCaches (0ms)
			RebuildScriptCaches (20ms)
			SetupLoadedEditorAssemblies (131ms)
				LogAssemblyErrors (0ms)
				InitializePlatformSupportModulesInManaged (3ms)
				SetLoadedEditorAssemblies (0ms)
				RefreshPlugins (30ms)
				BeforeProcessingInitializeOnLoad (10ms)
				ProcessInitializeOnLoadAttributes (66ms)
				ProcessInitializeOnLoadMethodAttributes (21ms)
				AfterProcessingInitializeOnLoad (0ms)
				EditorAssembliesLoaded (0ms)
			ExecutionOrderSort2 (0ms)
			AwakeInstancesAfterBackupRestoration (0ms)
Platform modules already initialized, skipping
Registering precompiled user dll's ...
Registered in 0.003898 seconds.
Begin MonoManager ReloadAssembly
Native extension for WindowsStandalone target not found
Refreshing native plugins compatible for Editor in 0.46 ms, found 5 plugins.
Preloading 0 native plugins for Editor in 0.00 ms.
Mono: successfully reloaded assembly
- Completed reload, in  0.725 seconds
Domain Reload Profiling:
	ReloadAssembly (725ms)
		BeginReloadAssembly (98ms)
			ExecutionOrderSort (0ms)
			DisableScriptedObjects (4ms)
			BackupInstance (0ms)
			ReleaseScriptingObjects (0ms)
			CreateAndSetChildDomain (16ms)
		EndReloadAssembly (584ms)
			LoadAssemblies (61ms)
			RebuildTransferFunctionScriptingTraits (0ms)
			SetupTypeCache (196ms)
			ReleaseScriptCaches (0ms)
			RebuildScriptCaches (34ms)
			SetupLoadedEditorAssemblies (232ms)
				LogAssemblyErrors (0ms)
				InitializePlatformSupportModulesInManaged (3ms)
				SetLoadedEditorAssemblies (0ms)
				RefreshPlugins (0ms)
				BeforeProcessingInitializeOnLoad (68ms)
				ProcessInitializeOnLoadAttributes (149ms)
				ProcessInitializeOnLoadMethodAttributes (7ms)
				AfterProcessingInitializeOnLoad (3ms)
				EditorAssembliesLoaded (0ms)
			ExecutionOrderSort2 (0ms)
			AwakeInstancesAfterBackupRestoration (5ms)
Platform modules already initialized, skipping
========================================================================
Worker process is ready to serve import requests
Launched and connected shader compiler UnityShaderCompiler.exe after 0.04 seconds
Refreshing native plugins compatible for Editor in 0.45 ms, found 5 plugins.
Preloading 0 native plugins for Editor in 0.00 ms.
Unloading 1882 Unused Serialized files (Serialized files now loaded: 0)
System memory in use before: 83.5 MB.
System memory in use after: 83.6 MB.

Unloading 28 unused Assets to reduce memory usage. Loaded Objects now: 2322.
Total: 2.289700 ms (FindLiveObjects: 0.168900 ms CreateObjectMapping: 0.063100 ms MarkObjects: 2.033800 ms  DeleteObjects: 0.022800 ms)

AssetImportParameters requested are different than current active one (requested -> active):
  custom:framework-win-MediaFoundation: 216162199b28c13a410421893ffa2e32 -> 
  custom:video-decoder-ogg-theora: a1e56fd34408186e4bbccfd4996cb3dc -> 
  custom:container-muxer-webm: aa71ff27fc2769a1b78a27578f13a17b -> 
  custom:container-demuxer-webm: 4f35f7cbe854078d1ac9338744f61a02 -> 
  custom:container-demuxer-ogg: 62fdf1f143b41e24485cea50d1cbac27 -> 
  custom:video-encoder-webm-vp8: eb34c28f22e8b96e1ab97ce403110664 -> 
  custom:video-decoder-webm-vp8: 9c59270c3fd7afecdb556c50c9e8de78 -> 
  custom:audio-decoder-ogg-vorbis: bf7c407c2cedff20999df2af8eb42d56 -> 
  custom:audio-encoder-webm-vorbis: bf7c407c2cedff20999df2af8eb42d56 -> 
========================================================================
Received Import Request.
  path: Assets/Scenes/lvl1.unity
  artifactKey: Guid(bdb174a043904704dbe44a7b7efdfff5) Importer(815301076,1909f56bfc062723c751e8b465ee728b)
Start importing Assets/Scenes/lvl1.unity using Guid(bdb174a043904704dbe44a7b7efdfff5) Importer(815301076,1909f56bfc062723c751e8b465ee728b)  -> (artifact id: '112099cad6e09f2249ce3052c1d0ee26') in 0.013896 seconds 
  Import took 0.016195 seconds .

========================================================================
Received Import Request.
  Time since last request: 16.205318 seconds.
  path: Assets/Scenes/lvl2.unity
  artifactKey: Guid(bb75d8884c5222f4f89fe43c5a68bee1) Importer(815301076,1909f56bfc062723c751e8b465ee728b)
Start importing Assets/Scenes/lvl2.unity using Guid(bb75d8884c5222f4f89fe43c5a68bee1) Importer(815301076,1909f56bfc062723c751e8b465ee728b)  -> (artifact id: '40d8147063a9440772574acc8ac0db6e') in 0.005753 seconds 
  Import took 0.008491 seconds .

========================================================================
Received Import Request.
  Time since last request: 179.690764 seconds.
  path: Assets/Prefabs/Player.prefab
  artifactKey: Guid(8b0349a8654aed4409d77356c79eb886) Importer(815301076,1909f56bfc062723c751e8b465ee728b)
Start importing Assets/Prefabs/Player.prefab using Guid(8b0349a8654aed4409d77356c79eb886) Importer(815301076,1909f56bfc062723c751e8b465ee728b)  -> (artifact id: '51d897e4f084c4a4fe57a38f490a9dc2') in 0.147350 seconds 
  Import took 0.150579 seconds .

========================================================================
Received Import Request.
  Time since last request: 186.846076 seconds.
  path: Assets/Scenes/lvl0.unity
  artifactKey: Guid(780093ee65d4866448db908cb7d5cd3d) Importer(815301076,1909f56bfc062723c751e8b465ee728b)
Start importing Assets/Scenes/lvl0.unity using Guid(780093ee65d4866448db908cb7d5cd3d) Importer(815301076,1909f56bfc062723c751e8b465ee728b)  -> (artifact id: '29c20bf96aa71e0859766b0d5dd737da') in 0.005716 seconds 
  Import took 0.009165 seconds .

========================================================================
Received Import Request.
  Time since last request: 3.743660 seconds.
  path: Assets/Scenes/lvl1.unity
  artifactKey: Guid(bdb174a043904704dbe44a7b7efdfff5) Importer(815301076,1909f56bfc062723c751e8b465ee728b)
Start importing Assets/Scenes/lvl1.unity using Guid(bdb174a043904704dbe44a7b7efdfff5) Importer(815301076,1909f56bfc062723c751e8b465ee728b)  -> (artifact id: 'e66d2e963f37669652c386aef14abf5d') in 0.002117 seconds 
  Import took 0.005042 seconds .

========================================================================
Received Import Request.
  Time since last request: 5.482211 seconds.
  path: Assets/Scenes/lvl0.unity
  artifactKey: Guid(780093ee65d4866448db908cb7d5cd3d) Importer(815301076,1909f56bfc062723c751e8b465ee728b)
Start importing Assets/Scenes/lvl0.unity using Guid(780093ee65d4866448db908cb7d5cd3d) Importer(815301076,1909f56bfc062723c751e8b465ee728b)  -> (artifact id: '33d0f8f0dd2fc5c7f6da41bee7e2c318') in 0.002327 seconds 
  Import took 0.005155 seconds .

AssetImportWorkerClient::OnTransportError - code=2 error=End of file
